<?xml version="1.0" encoding="UTF-8"?>
<!-- Generated by org.testng.reporters.JUnitReportReporter -->
<testsuite hostname="YX3QDQQQF2" failures="0" tests="1" name="tests.TestRecipeScraping" time="23.969" errors="0" timestamp="2023-12-19T09:46:18 EST" skipped="0">
  <testcase classname="tests.TestRecipeScraping" name="testScrapingEcommerce" time="23.969"/>
</testsuite> <!-- tests.TestRecipeScraping -->
