<?xml version="1.0" encoding="UTF-8"?>
<!-- Generated by org.testng.reporters.JUnitReportReporter -->
<testsuite hostname="DESKTOP-5VJNL8D" failures="0" tests="1" name="tests.TestRecipeScraping" time="149.540" errors="0" timestamp="2023-12-14T09:31:41 EST" skipped="0">
  <testcase classname="tests.TestRecipeScraping" name="testScrapingEcommerce" time="149.540"/>
</testsuite> <!-- tests.TestRecipeScraping -->
